<?xml version="1.0" encoding="UTF-8"?>
<!-- Generated by org.testng.reporters.JUnitXMLReporter -->
<testsuite ignored="5" hostname="Potatos-Mac.local" failures="0" tests="1" name="Surefire test" time="0.05" errors="0" timestamp="2020-02-04T16:50:03 WIB">
  <testcase classname="bases.BaseWeb" name="@BeforeClass setBaseConfig" time="-1.580809803311E9">
    <failure type="org.testng.TestNGException" message="
Parameter &amp;apos;browser&amp;apos; is required by BeforeClass on method setBaseConfig but has not been marked @Optional or defined
">
      <![CDATA[org.testng.TestNGException: 
Parameter 'browser' is required by BeforeClass on method setBaseConfig but has not been marked @Optional or defined

at java.base/java.util.ArrayList.forEach(ArrayList.java:1380)
... Removed 26 stack frames]]>
    </failure>
  </testcase> <!-- @BeforeClass setBaseConfig -->
  <testcase classname="bases.BaseWeb" name="@AfterClass quitDriver" time="-1.580809803347E9">
    <skipped/>
  </testcase> <!-- @AfterClass quitDriver -->
  <testcase classname="TestCases.AuthenticationUserSignIn" name="A_001_AuthenticationWithUnregisteredCompanyUser" time="0.0">
    <skipped/>
  </testcase> <!-- A_001_AuthenticationWithUnregisteredCompanyUser -->
  <testcase classname="TestCases.AuthenticationUserSignIn" name="A_004_AuthenticationWithEmptyCompanyUserName" time="0.0">
    <ignored/>
  </testcase> <!-- A_004_AuthenticationWithEmptyCompanyUserName -->
  <testcase classname="TestCases.AuthenticationUserSignIn" name="A_006_AuthenticationWithEmptyPassword" time="0.0">
    <ignored/>
  </testcase> <!-- A_006_AuthenticationWithEmptyPassword -->
  <testcase classname="TestCases.AuthenticationUserSignIn" name="A_002_AuthenticationWithUnregisteredUserName" time="0.0">
    <ignored/>
  </testcase> <!-- A_002_AuthenticationWithUnregisteredUserName -->
  <testcase classname="TestCases.AuthenticationUserSignIn" name="A_003_AuthenticationWithInvalidPassword" time="0.0">
    <ignored/>
  </testcase> <!-- A_003_AuthenticationWithInvalidPassword -->
  <testcase classname="TestCases.AuthenticationUserSignIn" name="A_005_AuthenticationWithEmptyUserName" time="0.0">
    <ignored/>
  </testcase> <!-- A_005_AuthenticationWithEmptyUserName -->
</testsuite> <!-- Surefire test -->
