<?xml version="1.0" encoding="UTF-8"?>
<!-- Generated by org.testng.reporters.JUnitXMLReporter -->
<testsuite ignored="9" hostname="Potatos-Mac.local" failures="1" tests="2" name="Regresion test for 1.5.35" time="33.349" errors="0" timestamp="2020-02-13T17:53:17 WIB">
  <testcase classname="TestCases.AppPages" name="login" time="5.664"/>
  <testcase classname="TestCases.AppPages" name="B_004_editAppPage" time="21.232">
    <failure type="org.openqa.selenium.NoSuchElementException" message="no such element: Unable to locate element: {&amp;quot;method&amp;quot;:&amp;quot;xpath&amp;quot;,&amp;quot;selector&amp;quot;:&amp;quot;//*[@id=&amp;quot;root&amp;quot;]/div[1]/div[2]/div[2]/form/div/div[4]/div/div[1]/button&amp;quot;}
  (Session info: chrome=80.0.3987.100)
For documentation on this error, please visit: http://seleniumhq.org/exceptions/no_such_element.html
Build info: version: &amp;apos;3.14.0&amp;apos;, revision: &amp;apos;aacccce0&amp;apos;, time: &amp;apos;2018-08-02T20:19:58.91Z&amp;apos;
System info: host: &amp;apos;Potatos-Mac.local&amp;apos;, ip: &amp;apos;fe80:0:0:0:8a1:153:e79:bbff%en0&amp;apos;, os.name: &amp;apos;Mac OS X&amp;apos;, os.arch: &amp;apos;x86_64&amp;apos;, os.version: &amp;apos;10.14&amp;apos;, java.version: &amp;apos;9.0.1&amp;apos;
Driver info: org.openqa.selenium.chrome.ChromeDriver
Capabilities {acceptInsecureCerts: false, browserName: chrome, browserVersion: 80.0.3987.100, chrome: {chromedriverVersion: 79.0.3945.36 (3582db32b3389..., userDataDir: /var/folders/pz/vbvlmv8j3s1...}, goog:chromeOptions: {debuggerAddress: localhost:64885}, javascriptEnabled: true, networkConnectionEnabled: false, pageLoadStrategy: normal, platform: MAC, platformName: MAC, proxy: Proxy(), setWindowRect: true, strictFileInteractability: false, timeouts: {implicit: 0, pageLoad: 300000, script: 30000}, unhandledPromptBehavior: dismiss and notify}
Session ID: d39c37275fbdf8e04e6e4099787e910f
*** Element info: {Using=xpath, value=//*[@id=&amp;quot;root&amp;quot;]/div[1]/div[2]/div[2]/form/div/div[4]/div/div[1]/button}">
      <![CDATA[org.openqa.selenium.NoSuchElementException: no such element: Unable to locate element: {"method":"xpath","selector":"//*[@id="root"]/div[1]/div[2]/div[2]/form/div/div[4]/div/div[1]/button"}
  (Session info: chrome=80.0.3987.100)
For documentation on this error, please visit: http://seleniumhq.org/exceptions/no_such_element.html
Build info: version: '3.14.0', revision: 'aacccce0', time: '2018-08-02T20:19:58.91Z'
System info: host: 'Potatos-Mac.local', ip: 'fe80:0:0:0:8a1:153:e79:bbff%en0', os.name: 'Mac OS X', os.arch: 'x86_64', os.version: '10.14', java.version: '9.0.1'
Driver info: org.openqa.selenium.chrome.ChromeDriver
Capabilities {acceptInsecureCerts: false, browserName: chrome, browserVersion: 80.0.3987.100, chrome: {chromedriverVersion: 79.0.3945.36 (3582db32b3389..., userDataDir: /var/folders/pz/vbvlmv8j3s1...}, goog:chromeOptions: {debuggerAddress: localhost:64885}, javascriptEnabled: true, networkConnectionEnabled: false, pageLoadStrategy: normal, platform: MAC, platformName: MAC, proxy: Proxy(), setWindowRect: true, strictFileInteractability: false, timeouts: {implicit: 0, pageLoad: 300000, script: 30000}, unhandledPromptBehavior: dismiss and notify}
Session ID: d39c37275fbdf8e04e6e4099787e910f
*** Element info: {Using=xpath, value=//*[@id="root"]/div[1]/div[2]/div[2]/form/div/div[4]/div/div[1]/button}
at org.openqa.selenium.remote.http.W3CHttpResponseCodec.createException(W3CHttpResponseCodec.java:187)
at org.openqa.selenium.remote.http.W3CHttpResponseCodec.decode(W3CHttpResponseCodec.java:122)
at org.openqa.selenium.remote.http.W3CHttpResponseCodec.decode(W3CHttpResponseCodec.java:49)
at org.openqa.selenium.remote.HttpCommandExecutor.execute(HttpCommandExecutor.java:158)
at org.openqa.selenium.remote.service.DriverCommandExecutor.execute(DriverCommandExecutor.java:83)
at org.openqa.selenium.remote.RemoteWebDriver.execute(RemoteWebDriver.java:548)
at org.openqa.selenium.remote.RemoteWebDriver.findElement(RemoteWebDriver.java:322)
at org.openqa.selenium.remote.RemoteWebDriver.findElementByXPath(RemoteWebDriver.java:424)
at org.openqa.selenium.By$ByXPath.findElement(By.java:353)
at org.openqa.selenium.remote.RemoteWebDriver.findElement(RemoteWebDriver.java:314)
at org.openqa.selenium.support.pagefactory.DefaultElementLocator.findElement(DefaultElementLocator.java:69)
at org.openqa.selenium.support.pagefactory.internal.LocatingElementHandler.invoke(LocatingElementHandler.java:38)
at com.sun.proxy.$Proxy13.click(Unknown Source)
at pages.AppPagesPage.clickAddPlaylistButton(AppPagesPage.java:196)
at TestCases.AppPages.B_004_editAppPage(AppPages.java:97)
at java.base/java.util.ArrayList.forEach(ArrayList.java:1380)
at java.base/java.util.concurrent.FutureTask.run(FutureTask.java:264)
at java.base/java.util.concurrent.ThreadPoolExecutor.runWorker(ThreadPoolExecutor.java:1167)
at java.base/java.util.concurrent.ThreadPoolExecutor$Worker.run(ThreadPoolExecutor.java:641)
at java.base/java.lang.Thread.run(Thread.java:844)
... Removed 22 stack frames]]>
    </failure>
  </testcase> <!-- B_004_editAppPage -->
  <testcase classname="TestCases.AuthenticationUserSignIn" name="A_003_LoginwithInvalidPassword" time="0.0">
    <ignored/>
  </testcase> <!-- A_003_LoginwithInvalidPassword -->
  <testcase classname="TestCases.AuthenticationUserSignIn" name="A_001_LoginwithValidCredential" time="0.0">
    <ignored/>
  </testcase> <!-- A_001_LoginwithValidCredential -->
  <testcase classname="bases.BaseWeb" name="@BeforeSuite settupTestingData" time="0.0">
    <ignored/>
  </testcase> <!-- @BeforeSuite settupTestingData -->
  <testcase classname="TestCases.AppPages" name="B_003_searchAvailableAppPage" time="0.0">
    <ignored/>
  </testcase> <!-- B_003_searchAvailableAppPage -->
  <testcase classname="bases.BaseWeb" name="@BeforeSuite deleteScreenShot" time="0.0">
    <ignored/>
  </testcase> <!-- @BeforeSuite deleteScreenShot -->
  <testcase classname="TestCases.AppPages" name="B_005_deleteAppPage" time="0.0">
    <ignored/>
  </testcase> <!-- B_005_deleteAppPage -->
  <testcase classname="TestCases.AuthenticationUserSignIn" name="A_002_LoginwithInvalidEmail" time="0.0">
    <ignored/>
  </testcase> <!-- A_002_LoginwithInvalidEmail -->
  <testcase classname="TestCases.AppPages" name="B_002_CreateNewKeyPage" time="0.0">
    <ignored/>
  </testcase> <!-- B_002_CreateNewKeyPage -->
  <testcase classname="TestCases.AppPages" name="B_001_displayOfListPage" time="0.0">
    <ignored/>
  </testcase> <!-- B_001_displayOfListPage -->
</testsuite> <!-- Regresion test for 1.5.35 -->
